<?xml version="1.0" encoding="UTF-8"?>
<testsuite xmlns:xsi="http://www.w3.org/2001/XMLSchema-instance" xsi:noNamespaceSchemaLocation="https://maven.apache.org/surefire/maven-surefire-plugin/xsd/surefire-test-report.xsd" name="com.example.demo.DemoApplicationTests" time="9.109" tests="1" errors="0" skipped="0" failures="0">
  <properties>
    <property name="sun.desktop" value="windows"/>
    <property name="awt.toolkit" value="sun.awt.windows.WToolkit"/>
    <property name="file.encoding.pkg" value="sun.io"/>
    <property name="java.specification.version" value="1.8"/>
    <property name="sun.cpu.isalist" value="amd64"/>
    <property name="sun.jnu.encoding" value="Cp1252"/>
    <property name="java.class.path" value="C:\Users\Cristaliux\Downloads\demo\demo\target\test-classes;C:\Users\Cristaliux\Downloads\demo\demo\target\classes;C:\Users\Cristaliux\.m2\repository\org\springframework\boot\spring-boot-starter-web\2.3.9.RELEASE\spring-boot-starter-web-2.3.9.RELEASE.jar;C:\Users\Cristaliux\.m2\repository\org\springframework\boot\spring-boot-starter\2.3.9.RELEASE\spring-boot-starter-2.3.9.RELEASE.jar;C:\Users\Cristaliux\.m2\repository\org\springframework\boot\spring-boot\2.3.9.RELEASE\spring-boot-2.3.9.RELEASE.jar;C:\Users\Cristaliux\.m2\repository\org\springframework\boot\spring-boot-autoconfigure\2.3.9.RELEASE\spring-boot-autoconfigure-2.3.9.RELEASE.jar;C:\Users\Cristaliux\.m2\repository\org\springframework\boot\spring-boot-starter-logging\2.3.9.RELEASE\spring-boot-starter-logging-2.3.9.RELEASE.jar;C:\Users\Cristaliux\.m2\repository\ch\qos\logback\logback-classic\1.2.3\logback-classic-1.2.3.jar;C:\Users\Cristaliux\.m2\repository\ch\qos\logback\logback-core\1.2.3\logback-core-1.2.3.jar;C:\Users\Cristaliux\.m2\repository\org\apache\logging\log4j\log4j-to-slf4j\2.13.3\log4j-to-slf4j-2.13.3.jar;C:\Users\Cristaliux\.m2\repository\org\apache\logging\log4j\log4j-api\2.13.3\log4j-api-2.13.3.jar;C:\Users\Cristaliux\.m2\repository\org\slf4j\jul-to-slf4j\1.7.30\jul-to-slf4j-1.7.30.jar;C:\Users\Cristaliux\.m2\repository\jakarta\annotation\jakarta.annotation-api\1.3.5\jakarta.annotation-api-1.3.5.jar;C:\Users\Cristaliux\.m2\repository\org\yaml\snakeyaml\1.26\snakeyaml-1.26.jar;C:\Users\Cristaliux\.m2\repository\org\springframework\boot\spring-boot-starter-json\2.3.9.RELEASE\spring-boot-starter-json-2.3.9.RELEASE.jar;C:\Users\Cristaliux\.m2\repository\com\fasterxml\jackson\core\jackson-databind\2.11.4\jackson-databind-2.11.4.jar;C:\Users\Cristaliux\.m2\repository\com\fasterxml\jackson\core\jackson-annotations\2.11.4\jackson-annotations-2.11.4.jar;C:\Users\Cristaliux\.m2\repository\com\fasterxml\jackson\core\jackson-core\2.11.4\jackson-core-2.11.4.jar;C:\Users\Cristaliux\.m2\repository\com\fasterxml\jackson\datatype\jackson-datatype-jdk8\2.11.4\jackson-datatype-jdk8-2.11.4.jar;C:\Users\Cristaliux\.m2\repository\com\fasterxml\jackson\datatype\jackson-datatype-jsr310\2.11.4\jackson-datatype-jsr310-2.11.4.jar;C:\Users\Cristaliux\.m2\repository\com\fasterxml\jackson\module\jackson-module-parameter-names\2.11.4\jackson-module-parameter-names-2.11.4.jar;C:\Users\Cristaliux\.m2\repository\org\springframework\boot\spring-boot-starter-tomcat\2.3.9.RELEASE\spring-boot-starter-tomcat-2.3.9.RELEASE.jar;C:\Users\Cristaliux\.m2\repository\org\apache\tomcat\embed\tomcat-embed-core\9.0.43\tomcat-embed-core-9.0.43.jar;C:\Users\Cristaliux\.m2\repository\org\glassfish\jakarta.el\3.0.3\jakarta.el-3.0.3.jar;C:\Users\Cristaliux\.m2\repository\org\apache\tomcat\embed\tomcat-embed-websocket\9.0.43\tomcat-embed-websocket-9.0.43.jar;C:\Users\Cristaliux\.m2\repository\org\springframework\spring-web\5.2.13.RELEASE\spring-web-5.2.13.RELEASE.jar;C:\Users\Cristaliux\.m2\repository\org\springframework\spring-beans\5.2.13.RELEASE\spring-beans-5.2.13.RELEASE.jar;C:\Users\Cristaliux\.m2\repository\org\springframework\spring-webmvc\5.2.13.RELEASE\spring-webmvc-5.2.13.RELEASE.jar;C:\Users\Cristaliux\.m2\repository\org\springframework\spring-aop\5.2.13.RELEASE\spring-aop-5.2.13.RELEASE.jar;C:\Users\Cristaliux\.m2\repository\org\springframework\spring-context\5.2.13.RELEASE\spring-context-5.2.13.RELEASE.jar;C:\Users\Cristaliux\.m2\repository\org\springframework\spring-expression\5.2.13.RELEASE\spring-expression-5.2.13.RELEASE.jar;C:\Users\Cristaliux\.m2\repository\org\springframework\boot\spring-boot-starter-web-services\2.3.9.RELEASE\spring-boot-starter-web-services-2.3.9.RELEASE.jar;C:\Users\Cristaliux\.m2\repository\com\sun\xml\messaging\saaj\saaj-impl\1.5.2\saaj-impl-1.5.2.jar;C:\Users\Cristaliux\.m2\repository\jakarta\xml\soap\jakarta.xml.soap-api\1.4.2\jakarta.xml.soap-api-1.4.2.jar;C:\Users\Cristaliux\.m2\repository\org\jvnet\staxex\stax-ex\1.8.3\stax-ex-1.8.3.jar;C:\Users\Cristaliux\.m2\repository\com\sun\activation\jakarta.activation\1.2.2\jakarta.activation-1.2.2.jar;C:\Users\Cristaliux\.m2\repository\jakarta\xml\ws\jakarta.xml.ws-api\2.3.3\jakarta.xml.ws-api-2.3.3.jar;C:\Users\Cristaliux\.m2\repository\jakarta\jws\jakarta.jws-api\2.1.0\jakarta.jws-api-2.1.0.jar;C:\Users\Cristaliux\.m2\repository\org\springframework\spring-oxm\5.2.13.RELEASE\spring-oxm-5.2.13.RELEASE.jar;C:\Users\Cristaliux\.m2\repository\org\springframework\ws\spring-ws-core\3.0.10.RELEASE\spring-ws-core-3.0.10.RELEASE.jar;C:\Users\Cristaliux\.m2\repository\org\springframework\ws\spring-xml\3.0.10.RELEASE\spring-xml-3.0.10.RELEASE.jar;C:\Users\Cristaliux\.m2\repository\wsdl4j\wsdl4j\1.6.2\wsdl4j-1.6.2.jar;C:\Users\Cristaliux\.m2\repository\javax\servlet\servlet-api\2.5\servlet-api-2.5.jar;C:\Users\Cristaliux\.m2\repository\io\sentry\sentry-spring-boot-starter\4.3.0\sentry-spring-boot-starter-4.3.0.jar;C:\Users\Cristaliux\.m2\repository\io\sentry\sentry\4.3.0\sentry-4.3.0.jar;C:\Users\Cristaliux\.m2\repository\com\google\code\gson\gson\2.8.6\gson-2.8.6.jar;C:\Users\Cristaliux\.m2\repository\io\sentry\sentry-spring\4.3.0\sentry-spring-4.3.0.jar;C:\Users\Cristaliux\.m2\repository\org\springframework\boot\spring-boot-starter-test\2.3.9.RELEASE\spring-boot-starter-test-2.3.9.RELEASE.jar;C:\Users\Cristaliux\.m2\repository\org\springframework\boot\spring-boot-test\2.3.9.RELEASE\spring-boot-test-2.3.9.RELEASE.jar;C:\Users\Cristaliux\.m2\repository\org\springframework\boot\spring-boot-test-autoconfigure\2.3.9.RELEASE\spring-boot-test-autoconfigure-2.3.9.RELEASE.jar;C:\Users\Cristaliux\.m2\repository\com\jayway\jsonpath\json-path\2.4.0\json-path-2.4.0.jar;C:\Users\Cristaliux\.m2\repository\net\minidev\json-smart\2.3\json-smart-2.3.jar;C:\Users\Cristaliux\.m2\repository\net\minidev\accessors-smart\1.2\accessors-smart-1.2.jar;C:\Users\Cristaliux\.m2\repository\org\ow2\asm\asm\5.0.4\asm-5.0.4.jar;C:\Users\Cristaliux\.m2\repository\org\slf4j\slf4j-api\1.7.30\slf4j-api-1.7.30.jar;C:\Users\Cristaliux\.m2\repository\jakarta\xml\bind\jakarta.xml.bind-api\2.3.3\jakarta.xml.bind-api-2.3.3.jar;C:\Users\Cristaliux\.m2\repository\jakarta\activation\jakarta.activation-api\1.2.2\jakarta.activation-api-1.2.2.jar;C:\Users\Cristaliux\.m2\repository\org\assertj\assertj-core\3.16.1\assertj-core-3.16.1.jar;C:\Users\Cristaliux\.m2\repository\org\hamcrest\hamcrest\2.2\hamcrest-2.2.jar;C:\Users\Cristaliux\.m2\repository\org\junit\jupiter\junit-jupiter\5.6.3\junit-jupiter-5.6.3.jar;C:\Users\Cristaliux\.m2\repository\org\junit\jupiter\junit-jupiter-api\5.6.3\junit-jupiter-api-5.6.3.jar;C:\Users\Cristaliux\.m2\repository\org\apiguardian\apiguardian-api\1.1.0\apiguardian-api-1.1.0.jar;C:\Users\Cristaliux\.m2\repository\org\opentest4j\opentest4j\1.2.0\opentest4j-1.2.0.jar;C:\Users\Cristaliux\.m2\repository\org\junit\platform\junit-platform-commons\1.6.3\junit-platform-commons-1.6.3.jar;C:\Users\Cristaliux\.m2\repository\org\junit\jupiter\junit-jupiter-params\5.6.3\junit-jupiter-params-5.6.3.jar;C:\Users\Cristaliux\.m2\repository\org\junit\jupiter\junit-jupiter-engine\5.6.3\junit-jupiter-engine-5.6.3.jar;C:\Users\Cristaliux\.m2\repository\org\junit\platform\junit-platform-engine\1.6.3\junit-platform-engine-1.6.3.jar;C:\Users\Cristaliux\.m2\repository\org\mockito\mockito-core\3.3.3\mockito-core-3.3.3.jar;C:\Users\Cristaliux\.m2\repository\net\bytebuddy\byte-buddy\1.10.20\byte-buddy-1.10.20.jar;C:\Users\Cristaliux\.m2\repository\net\bytebuddy\byte-buddy-agent\1.10.20\byte-buddy-agent-1.10.20.jar;C:\Users\Cristaliux\.m2\repository\org\objenesis\objenesis\2.6\objenesis-2.6.jar;C:\Users\Cristaliux\.m2\repository\org\mockito\mockito-junit-jupiter\3.3.3\mockito-junit-jupiter-3.3.3.jar;C:\Users\Cristaliux\.m2\repository\org\skyscreamer\jsonassert\1.5.0\jsonassert-1.5.0.jar;C:\Users\Cristaliux\.m2\repository\com\vaadin\external\google\android-json\0.0.20131108.vaadin1\android-json-0.0.20131108.vaadin1.jar;C:\Users\Cristaliux\.m2\repository\org\springframework\spring-core\5.2.13.RELEASE\spring-core-5.2.13.RELEASE.jar;C:\Users\Cristaliux\.m2\repository\org\springframework\spring-jcl\5.2.13.RELEASE\spring-jcl-5.2.13.RELEASE.jar;C:\Users\Cristaliux\.m2\repository\org\springframework\spring-test\5.2.13.RELEASE\spring-test-5.2.13.RELEASE.jar;C:\Users\Cristaliux\.m2\repository\org\xmlunit\xmlunit-core\2.7.0\xmlunit-core-2.7.0.jar;"/>
    <property name="java.vm.vendor" value="Oracle Corporation"/>
    <property name="sun.arch.data.model" value="64"/>
    <property name="user.variant" value=""/>
    <property name="java.vendor.url" value="http://java.oracle.com/"/>
    <property name="user.timezone" value="America/Mexico_City"/>
    <property name="java.vm.specification.version" value="1.8"/>
    <property name="os.name" value="Windows 10"/>
    <property name="user.country" value="MX"/>
    <property name="sun.java.launcher" value="SUN_STANDARD"/>
    <property name="sun.boot.library.path" value="C:\Program Files\Java\jdk1.8.0_281\jre\bin"/>
    <property name="sun.java.command" value="C:\Users\CRISTA~1\AppData\Local\Temp\surefire7415502189000582475\surefirebooter107147521780898795.jar C:\Users\Cristaliux\AppData\Local\Temp\surefire7415502189000582475 2021-03-21T00-22-12_689-jvmRun1 surefire537638095000028741tmp surefire_03510688484064156809tmp"/>
    <property name="surefire.test.class.path" value="C:\Users\Cristaliux\Downloads\demo\demo\target\test-classes;C:\Users\Cristaliux\Downloads\demo\demo\target\classes;C:\Users\Cristaliux\.m2\repository\org\springframework\boot\spring-boot-starter-web\2.3.9.RELEASE\spring-boot-starter-web-2.3.9.RELEASE.jar;C:\Users\Cristaliux\.m2\repository\org\springframework\boot\spring-boot-starter\2.3.9.RELEASE\spring-boot-starter-2.3.9.RELEASE.jar;C:\Users\Cristaliux\.m2\repository\org\springframework\boot\spring-boot\2.3.9.RELEASE\spring-boot-2.3.9.RELEASE.jar;C:\Users\Cristaliux\.m2\repository\org\springframework\boot\spring-boot-autoconfigure\2.3.9.RELEASE\spring-boot-autoconfigure-2.3.9.RELEASE.jar;C:\Users\Cristaliux\.m2\repository\org\springframework\boot\spring-boot-starter-logging\2.3.9.RELEASE\spring-boot-starter-logging-2.3.9.RELEASE.jar;C:\Users\Cristaliux\.m2\repository\ch\qos\logback\logback-classic\1.2.3\logback-classic-1.2.3.jar;C:\Users\Cristaliux\.m2\repository\ch\qos\logback\logback-core\1.2.3\logback-core-1.2.3.jar;C:\Users\Cristaliux\.m2\repository\org\apache\logging\log4j\log4j-to-slf4j\2.13.3\log4j-to-slf4j-2.13.3.jar;C:\Users\Cristaliux\.m2\repository\org\apache\logging\log4j\log4j-api\2.13.3\log4j-api-2.13.3.jar;C:\Users\Cristaliux\.m2\repository\org\slf4j\jul-to-slf4j\1.7.30\jul-to-slf4j-1.7.30.jar;C:\Users\Cristaliux\.m2\repository\jakarta\annotation\jakarta.annotation-api\1.3.5\jakarta.annotation-api-1.3.5.jar;C:\Users\Cristaliux\.m2\repository\org\yaml\snakeyaml\1.26\snakeyaml-1.26.jar;C:\Users\Cristaliux\.m2\repository\org\springframework\boot\spring-boot-starter-json\2.3.9.RELEASE\spring-boot-starter-json-2.3.9.RELEASE.jar;C:\Users\Cristaliux\.m2\repository\com\fasterxml\jackson\core\jackson-databind\2.11.4\jackson-databind-2.11.4.jar;C:\Users\Cristaliux\.m2\repository\com\fasterxml\jackson\core\jackson-annotations\2.11.4\jackson-annotations-2.11.4.jar;C:\Users\Cristaliux\.m2\repository\com\fasterxml\jackson\core\jackson-core\2.11.4\jackson-core-2.11.4.jar;C:\Users\Cristaliux\.m2\repository\com\fasterxml\jackson\datatype\jackson-datatype-jdk8\2.11.4\jackson-datatype-jdk8-2.11.4.jar;C:\Users\Cristaliux\.m2\repository\com\fasterxml\jackson\datatype\jackson-datatype-jsr310\2.11.4\jackson-datatype-jsr310-2.11.4.jar;C:\Users\Cristaliux\.m2\repository\com\fasterxml\jackson\module\jackson-module-parameter-names\2.11.4\jackson-module-parameter-names-2.11.4.jar;C:\Users\Cristaliux\.m2\repository\org\springframework\boot\spring-boot-starter-tomcat\2.3.9.RELEASE\spring-boot-starter-tomcat-2.3.9.RELEASE.jar;C:\Users\Cristaliux\.m2\repository\org\apache\tomcat\embed\tomcat-embed-core\9.0.43\tomcat-embed-core-9.0.43.jar;C:\Users\Cristaliux\.m2\repository\org\glassfish\jakarta.el\3.0.3\jakarta.el-3.0.3.jar;C:\Users\Cristaliux\.m2\repository\org\apache\tomcat\embed\tomcat-embed-websocket\9.0.43\tomcat-embed-websocket-9.0.43.jar;C:\Users\Cristaliux\.m2\repository\org\springframework\spring-web\5.2.13.RELEASE\spring-web-5.2.13.RELEASE.jar;C:\Users\Cristaliux\.m2\repository\org\springframework\spring-beans\5.2.13.RELEASE\spring-beans-5.2.13.RELEASE.jar;C:\Users\Cristaliux\.m2\repository\org\springframework\spring-webmvc\5.2.13.RELEASE\spring-webmvc-5.2.13.RELEASE.jar;C:\Users\Cristaliux\.m2\repository\org\springframework\spring-aop\5.2.13.RELEASE\spring-aop-5.2.13.RELEASE.jar;C:\Users\Cristaliux\.m2\repository\org\springframework\spring-context\5.2.13.RELEASE\spring-context-5.2.13.RELEASE.jar;C:\Users\Cristaliux\.m2\repository\org\springframework\spring-expression\5.2.13.RELEASE\spring-expression-5.2.13.RELEASE.jar;C:\Users\Cristaliux\.m2\repository\org\springframework\boot\spring-boot-starter-web-services\2.3.9.RELEASE\spring-boot-starter-web-services-2.3.9.RELEASE.jar;C:\Users\Cristaliux\.m2\repository\com\sun\xml\messaging\saaj\saaj-impl\1.5.2\saaj-impl-1.5.2.jar;C:\Users\Cristaliux\.m2\repository\jakarta\xml\soap\jakarta.xml.soap-api\1.4.2\jakarta.xml.soap-api-1.4.2.jar;C:\Users\Cristaliux\.m2\repository\org\jvnet\staxex\stax-ex\1.8.3\stax-ex-1.8.3.jar;C:\Users\Cristaliux\.m2\repository\com\sun\activation\jakarta.activation\1.2.2\jakarta.activation-1.2.2.jar;C:\Users\Cristaliux\.m2\repository\jakarta\xml\ws\jakarta.xml.ws-api\2.3.3\jakarta.xml.ws-api-2.3.3.jar;C:\Users\Cristaliux\.m2\repository\jakarta\jws\jakarta.jws-api\2.1.0\jakarta.jws-api-2.1.0.jar;C:\Users\Cristaliux\.m2\repository\org\springframework\spring-oxm\5.2.13.RELEASE\spring-oxm-5.2.13.RELEASE.jar;C:\Users\Cristaliux\.m2\repository\org\springframework\ws\spring-ws-core\3.0.10.RELEASE\spring-ws-core-3.0.10.RELEASE.jar;C:\Users\Cristaliux\.m2\repository\org\springframework\ws\spring-xml\3.0.10.RELEASE\spring-xml-3.0.10.RELEASE.jar;C:\Users\Cristaliux\.m2\repository\wsdl4j\wsdl4j\1.6.2\wsdl4j-1.6.2.jar;C:\Users\Cristaliux\.m2\repository\javax\servlet\servlet-api\2.5\servlet-api-2.5.jar;C:\Users\Cristaliux\.m2\repository\io\sentry\sentry-spring-boot-starter\4.3.0\sentry-spring-boot-starter-4.3.0.jar;C:\Users\Cristaliux\.m2\repository\io\sentry\sentry\4.3.0\sentry-4.3.0.jar;C:\Users\Cristaliux\.m2\repository\com\google\code\gson\gson\2.8.6\gson-2.8.6.jar;C:\Users\Cristaliux\.m2\repository\io\sentry\sentry-spring\4.3.0\sentry-spring-4.3.0.jar;C:\Users\Cristaliux\.m2\repository\org\springframework\boot\spring-boot-starter-test\2.3.9.RELEASE\spring-boot-starter-test-2.3.9.RELEASE.jar;C:\Users\Cristaliux\.m2\repository\org\springframework\boot\spring-boot-test\2.3.9.RELEASE\spring-boot-test-2.3.9.RELEASE.jar;C:\Users\Cristaliux\.m2\repository\org\springframework\boot\spring-boot-test-autoconfigure\2.3.9.RELEASE\spring-boot-test-autoconfigure-2.3.9.RELEASE.jar;C:\Users\Cristaliux\.m2\repository\com\jayway\jsonpath\json-path\2.4.0\json-path-2.4.0.jar;C:\Users\Cristaliux\.m2\repository\net\minidev\json-smart\2.3\json-smart-2.3.jar;C:\Users\Cristaliux\.m2\repository\net\minidev\accessors-smart\1.2\accessors-smart-1.2.jar;C:\Users\Cristaliux\.m2\repository\org\ow2\asm\asm\5.0.4\asm-5.0.4.jar;C:\Users\Cristaliux\.m2\repository\org\slf4j\slf4j-api\1.7.30\slf4j-api-1.7.30.jar;C:\Users\Cristaliux\.m2\repository\jakarta\xml\bind\jakarta.xml.bind-api\2.3.3\jakarta.xml.bind-api-2.3.3.jar;C:\Users\Cristaliux\.m2\repository\jakarta\activation\jakarta.activation-api\1.2.2\jakarta.activation-api-1.2.2.jar;C:\Users\Cristaliux\.m2\repository\org\assertj\assertj-core\3.16.1\assertj-core-3.16.1.jar;C:\Users\Cristaliux\.m2\repository\org\hamcrest\hamcrest\2.2\hamcrest-2.2.jar;C:\Users\Cristaliux\.m2\repository\org\junit\jupiter\junit-jupiter\5.6.3\junit-jupiter-5.6.3.jar;C:\Users\Cristaliux\.m2\repository\org\junit\jupiter\junit-jupiter-api\5.6.3\junit-jupiter-api-5.6.3.jar;C:\Users\Cristaliux\.m2\repository\org\apiguardian\apiguardian-api\1.1.0\apiguardian-api-1.1.0.jar;C:\Users\Cristaliux\.m2\repository\org\opentest4j\opentest4j\1.2.0\opentest4j-1.2.0.jar;C:\Users\Cristaliux\.m2\repository\org\junit\platform\junit-platform-commons\1.6.3\junit-platform-commons-1.6.3.jar;C:\Users\Cristaliux\.m2\repository\org\junit\jupiter\junit-jupiter-params\5.6.3\junit-jupiter-params-5.6.3.jar;C:\Users\Cristaliux\.m2\repository\org\junit\jupiter\junit-jupiter-engine\5.6.3\junit-jupiter-engine-5.6.3.jar;C:\Users\Cristaliux\.m2\repository\org\junit\platform\junit-platform-engine\1.6.3\junit-platform-engine-1.6.3.jar;C:\Users\Cristaliux\.m2\repository\org\mockito\mockito-core\3.3.3\mockito-core-3.3.3.jar;C:\Users\Cristaliux\.m2\repository\net\bytebuddy\byte-buddy\1.10.20\byte-buddy-1.10.20.jar;C:\Users\Cristaliux\.m2\repository\net\bytebuddy\byte-buddy-agent\1.10.20\byte-buddy-agent-1.10.20.jar;C:\Users\Cristaliux\.m2\repository\org\objenesis\objenesis\2.6\objenesis-2.6.jar;C:\Users\Cristaliux\.m2\repository\org\mockito\mockito-junit-jupiter\3.3.3\mockito-junit-jupiter-3.3.3.jar;C:\Users\Cristaliux\.m2\repository\org\skyscreamer\jsonassert\1.5.0\jsonassert-1.5.0.jar;C:\Users\Cristaliux\.m2\repository\com\vaadin\external\google\android-json\0.0.20131108.vaadin1\android-json-0.0.20131108.vaadin1.jar;C:\Users\Cristaliux\.m2\repository\org\springframework\spring-core\5.2.13.RELEASE\spring-core-5.2.13.RELEASE.jar;C:\Users\Cristaliux\.m2\repository\org\springframework\spring-jcl\5.2.13.RELEASE\spring-jcl-5.2.13.RELEASE.jar;C:\Users\Cristaliux\.m2\repository\org\springframework\spring-test\5.2.13.RELEASE\spring-test-5.2.13.RELEASE.jar;C:\Users\Cristaliux\.m2\repository\org\xmlunit\xmlunit-core\2.7.0\xmlunit-core-2.7.0.jar;"/>
    <property name="sun.cpu.endian" value="little"/>
    <property name="user.home" value="C:\Users\Cristaliux"/>
    <property name="user.language" value="es"/>
    <property name="java.specification.vendor" value="Oracle Corporation"/>
    <property name="java.home" value="C:\Program Files\Java\jdk1.8.0_281\jre"/>
    <property name="basedir" value="C:\Users\Cristaliux\Downloads\demo\demo"/>
    <property name="file.separator" value="\"/>
    <property name="line.separator" value="&#10;"/>
    <property name="java.vm.specification.vendor" value="Oracle Corporation"/>
    <property name="java.specification.name" value="Java Platform API Specification"/>
    <property name="java.awt.graphicsenv" value="sun.awt.Win32GraphicsEnvironment"/>
    <property name="surefire.real.class.path" value="C:\Users\CRISTA~1\AppData\Local\Temp\surefire7415502189000582475\surefirebooter107147521780898795.jar"/>
    <property name="sun.boot.class.path" value="C:\Program Files\Java\jdk1.8.0_281\jre\lib\resources.jar;C:\Program Files\Java\jdk1.8.0_281\jre\lib\rt.jar;C:\Program Files\Java\jdk1.8.0_281\jre\lib\sunrsasign.jar;C:\Program Files\Java\jdk1.8.0_281\jre\lib\jsse.jar;C:\Program Files\Java\jdk1.8.0_281\jre\lib\jce.jar;C:\Program Files\Java\jdk1.8.0_281\jre\lib\charsets.jar;C:\Program Files\Java\jdk1.8.0_281\jre\lib\jfr.jar;C:\Program Files\Java\jdk1.8.0_281\jre\classes"/>
    <property name="user.script" value=""/>
    <property name="sun.management.compiler" value="HotSpot 64-Bit Tiered Compilers"/>
    <property name="java.runtime.version" value="1.8.0_281-b09"/>
    <property name="user.name" value="Cristaliux"/>
    <property name="path.separator" value=";"/>
    <property name="os.version" value="10.0"/>
    <property name="java.endorsed.dirs" value="C:\Program Files\Java\jdk1.8.0_281\jre\lib\endorsed"/>
    <property name="java.runtime.name" value="Java(TM) SE Runtime Environment"/>
    <property name="file.encoding" value="Cp1252"/>
    <property name="java.vm.name" value="Java HotSpot(TM) 64-Bit Server VM"/>
    <property name="localRepository" value="C:\Users\Cristaliux\.m2\repository"/>
    <property name="java.vendor.url.bug" value="http://bugreport.sun.com/bugreport/"/>
    <property name="java.io.tmpdir" value="C:\Users\CRISTA~1\AppData\Local\Temp\"/>
    <property name="java.version" value="1.8.0_281"/>
    <property name="user.dir" value="C:\Users\Cristaliux\Downloads\demo\demo"/>
    <property name="os.arch" value="amd64"/>
    <property name="java.vm.specification.name" value="Java Virtual Machine Specification"/>
    <property name="java.awt.printerjob" value="sun.awt.windows.WPrinterJob"/>
    <property name="sun.os.patch.level" value=""/>
    <property name="java.library.path" value="C:\Program Files\Java\jdk1.8.0_281\jre\bin;C:\Windows\Sun\Java\bin;C:\Windows\system32;C:\Windows;C:\Program Files\AdoptOpenJDK\jdk-11.0.10.9-hotspot\bin;C:\Windows\system32;C:\Windows;C:\Windows\System32\Wbem;C:\Windows\System32\WindowsPowerShell\v1.0\;C:\Windows\System32\OpenSSH\;C:\Program Files\Java\jdk1.8.0_281;C:\Program Files (x86)\Common Files\Oracle\Java\javapath;C:\Program Files\PuTTY\;C:\Users\Cristaliux\AppData\Local\Microsoft\WindowsApps;C:\Users\Cristaliux\AppData\Local\Programs\Microsoft VS Code\bin;."/>
    <property name="java.vm.info" value="mixed mode"/>
    <property name="java.vendor" value="Oracle Corporation"/>
    <property name="java.vm.version" value="25.281-b09"/>
    <property name="java.ext.dirs" value="C:\Program Files\Java\jdk1.8.0_281\jre\lib\ext;C:\Windows\Sun\Java\lib\ext"/>
    <property name="sun.io.unicode.encoding" value="UnicodeLittle"/>
    <property name="java.class.version" value="52.0"/>
  </properties>
  <testcase name="contextLoads" classname="com.example.demo.DemoApplicationTests" time="2.529"/>
</testsuite>